<?xml version="1.0" encoding="UTF-8"?>
<!-- Generated by org.testng.reporters.JUnitXMLReporter -->
<testsuite hostname="IN-7SMH5H2" ignored="2" name="Default test(failed)" tests="1" failures="0" timestamp="04 Mar 2019 08:45:12 GMT" time="19.624" errors="0">
  <testcase name="editExternalDestination" time="12.128" classname="com.snm.test.EditExternalDirectoryNumbers"/>
  <testcase name="editExternalCoordinatedDestination" time="0.0" classname="com.snm.test.EditExternalDirectoryNumbers">
    <ignored/>
  </testcase> <!-- editExternalCoordinatedDestination -->
  <testcase name="editLeastCostRoutingAccessNumbers" time="0.0" classname="com.snm.test.EditExternalDirectoryNumbers">
    <ignored/>
  </testcase> <!-- editLeastCostRoutingAccessNumbers -->
</testsuite> <!-- Default test(failed) -->
