<?xml version="1.0" encoding="UTF-8"?>
<testng-results skipped="0" failed="0" ignored="0" total="1" passed="1">
  <reporter-output>
  </reporter-output>
  <suite name="Suite" duration-ms="59" started-at="2019-05-17T19:21:37Z" finished-at="2019-05-17T19:21:37Z">
    <groups>
    </groups>
    <test name="Test" duration-ms="59" started-at="2019-05-17T19:21:37Z" finished-at="2019-05-17T19:21:37Z">
      <class name="com.pm.test.SimpleTest">
        <test-method status="PASS" signature="main()[pri:0, instance:com.pm.test.SimpleTest@31a5c39e]" name="main" duration-ms="15" started-at="2019-05-17T19:21:37Z" finished-at="2019-05-17T19:21:37Z">
          <reporter-output>
          </reporter-output>
        </test-method> <!-- main -->
      </class> <!-- com.pm.test.SimpleTest -->
    </test> <!-- Test -->
  </suite> <!-- Suite -->
</testng-results>
