<?xml version="1.0" encoding="UTF-8"?>
<!-- Generated by org.testng.reporters.JUnitXMLReporter -->
<testsuite hostname="IN-7SMH5H2" ignored="0" name="Test" tests="8" failures="0" timestamp="20 Mar 2019 05:35:21 GMT" time="107.178" errors="0">
  <testcase name="deleteMultipleUsers" time="7.004" classname="com.pm.test.PMUsers"/>
  <testcase name="verifyMessageWhenUsersAreNotPresent" time="3.505" classname="com.pm.test.PMUsers"/>
  <testcase name="viewUserUsingWildcardStar" time="3.953" classname="com.pm.test.PMUsers"/>
  <testcase name="createCommonAbbreviatedNumbers" time="10.539" classname="com.snm.test.InternalDirectoryNumbers"/>
  <testcase name="createCommonOperatorNumbers" time="9.991" classname="com.snm.test.InternalDirectoryNumbers"/>
  <testcase name="createDirectoryNumbers" time="10.01" classname="com.snm.test.InternalDirectoryNumbers"/>
  <testcase name="createIndividualOperatorNumbers" time="10.006" classname="com.snm.test.InternalDirectoryNumbers"/>
  <testcase name="createUser" time="8.083" classname="com.pm.test.PMUsers"/>
</testsuite> <!-- Test -->
