<?xml version="1.0" encoding="UTF-8"?>
<!-- Generated by org.testng.reporters.JUnitXMLReporter -->
<testsuite hostname="IN-7SMH5H2" ignored="2" name="Test" tests="6" failures="0" timestamp="24 Feb 2019 16:02:42 GMT" time="0.075" errors="0">
  <testcase name="method1" time="0.008" classname="com.snm.test.POC1"/>
  <testcase name="method2" time="0.004" classname="com.snm.test.POC1"/>
  <testcase name="method3" time="0.002" classname="com.snm.test.POC1"/>
  <testcase name="method4" time="0.003" classname="com.snm.test.POC2"/>
  <testcase name="method5" time="0.001" classname="com.snm.test.POC2"/>
  <testcase name="method6" time="0.001" classname="com.snm.test.POC2"/>
  <testcase name="method8" time="0.0" classname="com.snm.test.POC1">
    <ignored/>
  </testcase> <!-- method8 -->
  <testcase name="method7" time="0.0" classname="com.snm.test.POC2">
    <ignored/>
  </testcase> <!-- method7 -->
</testsuite> <!-- Test -->
